Not searching for unused variables given on the command line.
[36m--[0m The C compiler identification is GNU 9.4.0
[36m--[0m The CXX compiler identification is GNU 9.4.0
[36m--[0m Check for working C compiler: /usr/bin/cc
[36m--[0m Check for working C compiler: /usr/bin/cc -- works
[36m--[0m Detecting C compiler ABI info
[36m--[0m Detecting C compiler ABI info - done
[36m--[0m Detecting C compile features
[36m--[0m Detecting C compile features - done
[36m--[0m Check for working CXX compiler: /usr/bin/c++
[36m--[0m Check for working CXX compiler: /usr/bin/c++ -- works
[36m--[0m Detecting CXX compiler ABI info
[36m--[0m Detecting CXX compiler ABI info - done
[36m--[0m Detecting CXX compile features
[36m--[0m Detecting CXX compile features - done
[36m--[0m Found Boost: /usr/lib/x86_64-linux-gnu/cmake/Boost-1.71.0/BoostConfig.cmake (found version "1.71.0") found components: system iostreams
[36m--[0m Found installed version of Eigen: /usr/lib/cmake/eigen3
[36m--[0m Found required Ceres dependency: Eigen version 3.3.7 in /usr/include/eigen3
[36m--[0m Found required Ceres dependency: glog
[36m--[0m Found installed version of gflags: /usr/lib/x86_64-linux-gnu/cmake/gflags
[36m--[0m Detected gflags version: 2.2.2
[36m--[0m Found required Ceres dependency: gflags
[36m--[0m Found Ceres version: 1.14.0 installed in: /usr with components: [EigenSparse, SparseLinearAlgebraLibrary, LAPACK, SuiteSparse, CXSparse, SchurSpecializations, OpenMP, Multithreading]
[36m--[0m Looking for pthread.h
[36m--[0m Looking for pthread.h - found
[36m--[0m Performing Test CMAKE_HAVE_LIBC_PTHREAD
[36m--[0m Performing Test CMAKE_HAVE_LIBC_PTHREAD - Failed
[36m--[0m Looking for pthread_create in pthreads
[36m--[0m Looking for pthread_create in pthreads - not found
[36m--[0m Looking for pthread_create in pthread
[36m--[0m Looking for pthread_create in pthread - found
[36m--[0m Found Threads: TRUE
[36m--[0m Build type: Release
Files /home/lun/rover_ws/build/cartographer_rviz/AllFiles.cmake and - differ
[36m--[0m Using CATKIN_DEVEL_PREFIX: /home/lun/rover_ws/devel/.private/cartographer_rviz
[36m--[0m Using CMAKE_PREFIX_PATH: /home/lun/campusrover_cartographer_ws/devel;/home/lun/jay_ws/devel;/home/lun/rover_ws/devel;/home/lun/robot_arm_ws/devel;/opt/ros/noetic
[36m--[0m This workspace overlays: /home/lun/campusrover_cartographer_ws/devel;/home/lun/jay_ws/devel;/home/lun/rover_ws/devel;/home/lun/robot_arm_ws/devel;/opt/ros/noetic
[36m--[0m Found PythonInterp: /usr/bin/python3 (found suitable version "3.8.10", minimum required is "3")
[36m--[0m Using PYTHON_EXECUTABLE: /usr/bin/python3
[36m--[0m Using Debian Python package layout
[36m--[0m Found PY_em: /usr/lib/python3/dist-packages/em.py
[36m--[0m Using empy: /usr/lib/python3/dist-packages/em.py
[36m--[0m Using CATKIN_ENABLE_TESTING: ON
[36m--[0m Call enable_testing()
[36m--[0m Using CATKIN_TEST_RESULTS_DIR: /home/lun/rover_ws/build/cartographer_rviz/test_results
[33m[1mCMake Warning[0m at /usr/src/googletest/googlemock/CMakeLists.txt:43 (project):
  VERSION keyword not followed by a value or was followed by a value that
  expanded to nothing.


[33m[1mCMake Warning[0m at /usr/src/googletest/googletest/CMakeLists.txt:54 (project):
  VERSION keyword not followed by a value or was followed by a value that
  expanded to nothing.


[36m--[0m Found PythonInterp: /usr/bin/python3 (found version "3.8.10")
[36m--[0m Found gmock: gmock and gtests will be built
[36m--[0m Using Python nosetests: /usr/bin/nosetests3
[36m--[0m catkin 0.8.10
[36m--[0m BUILD_SHARED_LIBS is on
[36m--[0m Using these message generators: gencpp;geneus;genlisp;gennodejs;genpy
[36m--[0m Using Qt5 based on the rviz_QT_VERSION: 5.12.8
[36m--[0m Configuring done
[36m--[0m Generating done
[36m--[0m Build files have been written to: /home/lun/rover_ws/build/cartographer_rviz
