Linked: (/home/lun/rover_ws/devel/.private/dynamixel_msgs/include/dynamixel_msgs/MotorStateList.h, /home/lun/rover_ws/devel/include/dynamixel_msgs/MotorStateList.h)
Linked: (/home/lun/rover_ws/devel/.private/dynamixel_msgs/include/dynamixel_msgs/JointState.h, /home/lun/rover_ws/devel/include/dynamixel_msgs/JointState.h)
Linked: (/home/lun/rover_ws/devel/.private/dynamixel_msgs/include/dynamixel_msgs/MotorState.h, /home/lun/rover_ws/devel/include/dynamixel_msgs/MotorState.h)
Linked: (/home/lun/rover_ws/devel/.private/dynamixel_msgs/share/gennodejs/ros/dynamixel_msgs/_index.js, /home/lun/rover_ws/devel/share/gennodejs/ros/dynamixel_msgs/_index.js)
Linked: (/home/lun/rover_ws/devel/.private/dynamixel_msgs/share/gennodejs/ros/dynamixel_msgs/msg/JointState.js, /home/lun/rover_ws/devel/share/gennodejs/ros/dynamixel_msgs/msg/JointState.js)
Linked: (/home/lun/rover_ws/devel/.private/dynamixel_msgs/share/gennodejs/ros/dynamixel_msgs/msg/MotorStateList.js, /home/lun/rover_ws/devel/share/gennodejs/ros/dynamixel_msgs/msg/MotorStateList.js)
Linked: (/home/lun/rover_ws/devel/.private/dynamixel_msgs/share/gennodejs/ros/dynamixel_msgs/msg/MotorState.js, /home/lun/rover_ws/devel/share/gennodejs/ros/dynamixel_msgs/msg/MotorState.js)
Linked: (/home/lun/rover_ws/devel/.private/dynamixel_msgs/share/gennodejs/ros/dynamixel_msgs/msg/_index.js, /home/lun/rover_ws/devel/share/gennodejs/ros/dynamixel_msgs/msg/_index.js)
Linked: (/home/lun/rover_ws/devel/.private/dynamixel_msgs/share/roseus/ros/dynamixel_msgs/manifest.l, /home/lun/rover_ws/devel/share/roseus/ros/dynamixel_msgs/manifest.l)
Linked: (/home/lun/rover_ws/devel/.private/dynamixel_msgs/share/roseus/ros/dynamixel_msgs/msg/JointState.l, /home/lun/rover_ws/devel/share/roseus/ros/dynamixel_msgs/msg/JointState.l)
Linked: (/home/lun/rover_ws/devel/.private/dynamixel_msgs/share/roseus/ros/dynamixel_msgs/msg/MotorStateList.l, /home/lun/rover_ws/devel/share/roseus/ros/dynamixel_msgs/msg/MotorStateList.l)
Linked: (/home/lun/rover_ws/devel/.private/dynamixel_msgs/share/roseus/ros/dynamixel_msgs/msg/MotorState.l, /home/lun/rover_ws/devel/share/roseus/ros/dynamixel_msgs/msg/MotorState.l)
Linked: (/home/lun/rover_ws/devel/.private/dynamixel_msgs/share/common-lisp/ros/dynamixel_msgs/msg/MotorState.lisp, /home/lun/rover_ws/devel/share/common-lisp/ros/dynamixel_msgs/msg/MotorState.lisp)
Linked: (/home/lun/rover_ws/devel/.private/dynamixel_msgs/share/common-lisp/ros/dynamixel_msgs/msg/_package_MotorState.lisp, /home/lun/rover_ws/devel/share/common-lisp/ros/dynamixel_msgs/msg/_package_MotorState.lisp)
Linked: (/home/lun/rover_ws/devel/.private/dynamixel_msgs/share/common-lisp/ros/dynamixel_msgs/msg/_package.lisp, /home/lun/rover_ws/devel/share/common-lisp/ros/dynamixel_msgs/msg/_package.lisp)
Linked: (/home/lun/rover_ws/devel/.private/dynamixel_msgs/share/common-lisp/ros/dynamixel_msgs/msg/dynamixel_msgs-msg.asd, /home/lun/rover_ws/devel/share/common-lisp/ros/dynamixel_msgs/msg/dynamixel_msgs-msg.asd)
Linked: (/home/lun/rover_ws/devel/.private/dynamixel_msgs/share/common-lisp/ros/dynamixel_msgs/msg/_package_MotorStateList.lisp, /home/lun/rover_ws/devel/share/common-lisp/ros/dynamixel_msgs/msg/_package_MotorStateList.lisp)
Linked: (/home/lun/rover_ws/devel/.private/dynamixel_msgs/share/common-lisp/ros/dynamixel_msgs/msg/MotorStateList.lisp, /home/lun/rover_ws/devel/share/common-lisp/ros/dynamixel_msgs/msg/MotorStateList.lisp)
Linked: (/home/lun/rover_ws/devel/.private/dynamixel_msgs/share/common-lisp/ros/dynamixel_msgs/msg/JointState.lisp, /home/lun/rover_ws/devel/share/common-lisp/ros/dynamixel_msgs/msg/JointState.lisp)
Linked: (/home/lun/rover_ws/devel/.private/dynamixel_msgs/share/common-lisp/ros/dynamixel_msgs/msg/_package_JointState.lisp, /home/lun/rover_ws/devel/share/common-lisp/ros/dynamixel_msgs/msg/_package_JointState.lisp)
Linked: (/home/lun/rover_ws/devel/.private/dynamixel_msgs/share/dynamixel_msgs/cmake/dynamixel_msgsConfig-version.cmake, /home/lun/rover_ws/devel/share/dynamixel_msgs/cmake/dynamixel_msgsConfig-version.cmake)
Linked: (/home/lun/rover_ws/devel/.private/dynamixel_msgs/share/dynamixel_msgs/cmake/dynamixel_msgs-msg-paths.cmake, /home/lun/rover_ws/devel/share/dynamixel_msgs/cmake/dynamixel_msgs-msg-paths.cmake)
Linked: (/home/lun/rover_ws/devel/.private/dynamixel_msgs/share/dynamixel_msgs/cmake/dynamixel_msgs-msg-extras.cmake, /home/lun/rover_ws/devel/share/dynamixel_msgs/cmake/dynamixel_msgs-msg-extras.cmake)
Linked: (/home/lun/rover_ws/devel/.private/dynamixel_msgs/share/dynamixel_msgs/cmake/dynamixel_msgsConfig.cmake, /home/lun/rover_ws/devel/share/dynamixel_msgs/cmake/dynamixel_msgsConfig.cmake)
Linked: (/home/lun/rover_ws/devel/.private/dynamixel_msgs/lib/python3/dist-packages/dynamixel_msgs/__init__.py, /home/lun/rover_ws/devel/lib/python3/dist-packages/dynamixel_msgs/__init__.py)
Linked: (/home/lun/rover_ws/devel/.private/dynamixel_msgs/lib/python3/dist-packages/dynamixel_msgs/msg/_JointState.py, /home/lun/rover_ws/devel/lib/python3/dist-packages/dynamixel_msgs/msg/_JointState.py)
Linked: (/home/lun/rover_ws/devel/.private/dynamixel_msgs/lib/python3/dist-packages/dynamixel_msgs/msg/_MotorStateList.py, /home/lun/rover_ws/devel/lib/python3/dist-packages/dynamixel_msgs/msg/_MotorStateList.py)
Linked: (/home/lun/rover_ws/devel/.private/dynamixel_msgs/lib/python3/dist-packages/dynamixel_msgs/msg/_MotorState.py, /home/lun/rover_ws/devel/lib/python3/dist-packages/dynamixel_msgs/msg/_MotorState.py)
Linked: (/home/lun/rover_ws/devel/.private/dynamixel_msgs/lib/python3/dist-packages/dynamixel_msgs/msg/__init__.py, /home/lun/rover_ws/devel/lib/python3/dist-packages/dynamixel_msgs/msg/__init__.py)
Linked: (/home/lun/rover_ws/devel/.private/dynamixel_msgs/lib/pkgconfig/dynamixel_msgs.pc, /home/lun/rover_ws/devel/lib/pkgconfig/dynamixel_msgs.pc)
