Linked: (/home/lun/rover_ws/devel/.private/campusrover_move/include/campusrover_move/PullOverPathGeneratorResponse.h, /home/lun/rover_ws/devel/include/campusrover_move/PullOverPathGeneratorResponse.h)
Linked: (/home/lun/rover_ws/devel/.private/campusrover_move/include/campusrover_move/PullOverPathGeneratorRequest.h, /home/lun/rover_ws/devel/include/campusrover_move/PullOverPathGeneratorRequest.h)
Linked: (/home/lun/rover_ws/devel/.private/campusrover_move/include/campusrover_move/PullOverPathGenerator.h, /home/lun/rover_ws/devel/include/campusrover_move/PullOverPathGenerator.h)
Linked: (/home/lun/rover_ws/devel/.private/campusrover_move/share/gennodejs/ros/campusrover_move/_index.js, /home/lun/rover_ws/devel/share/gennodejs/ros/campusrover_move/_index.js)
Linked: (/home/lun/rover_ws/devel/.private/campusrover_move/share/gennodejs/ros/campusrover_move/srv/PullOverPathGenerator.js, /home/lun/rover_ws/devel/share/gennodejs/ros/campusrover_move/srv/PullOverPathGenerator.js)
Linked: (/home/lun/rover_ws/devel/.private/campusrover_move/share/gennodejs/ros/campusrover_move/srv/_index.js, /home/lun/rover_ws/devel/share/gennodejs/ros/campusrover_move/srv/_index.js)
Linked: (/home/lun/rover_ws/devel/.private/campusrover_move/share/roseus/ros/campusrover_move/manifest.l, /home/lun/rover_ws/devel/share/roseus/ros/campusrover_move/manifest.l)
Linked: (/home/lun/rover_ws/devel/.private/campusrover_move/share/roseus/ros/campusrover_move/srv/PullOverPathGenerator.l, /home/lun/rover_ws/devel/share/roseus/ros/campusrover_move/srv/PullOverPathGenerator.l)
Linked: (/home/lun/rover_ws/devel/.private/campusrover_move/share/common-lisp/ros/campusrover_move/srv/_package.lisp, /home/lun/rover_ws/devel/share/common-lisp/ros/campusrover_move/srv/_package.lisp)
Linked: (/home/lun/rover_ws/devel/.private/campusrover_move/share/common-lisp/ros/campusrover_move/srv/PullOverPathGenerator.lisp, /home/lun/rover_ws/devel/share/common-lisp/ros/campusrover_move/srv/PullOverPathGenerator.lisp)
Linked: (/home/lun/rover_ws/devel/.private/campusrover_move/share/common-lisp/ros/campusrover_move/srv/campusrover_move-srv.asd, /home/lun/rover_ws/devel/share/common-lisp/ros/campusrover_move/srv/campusrover_move-srv.asd)
Linked: (/home/lun/rover_ws/devel/.private/campusrover_move/share/common-lisp/ros/campusrover_move/srv/_package_PullOverPathGenerator.lisp, /home/lun/rover_ws/devel/share/common-lisp/ros/campusrover_move/srv/_package_PullOverPathGenerator.lisp)
Linked: (/home/lun/rover_ws/devel/.private/campusrover_move/share/campusrover_move/cmake/campusrover_move-msg-paths.cmake, /home/lun/rover_ws/devel/share/campusrover_move/cmake/campusrover_move-msg-paths.cmake)
Linked: (/home/lun/rover_ws/devel/.private/campusrover_move/share/campusrover_move/cmake/campusrover_moveConfig.cmake, /home/lun/rover_ws/devel/share/campusrover_move/cmake/campusrover_moveConfig.cmake)
Linked: (/home/lun/rover_ws/devel/.private/campusrover_move/share/campusrover_move/cmake/campusrover_move-msg-extras.cmake, /home/lun/rover_ws/devel/share/campusrover_move/cmake/campusrover_move-msg-extras.cmake)
Linked: (/home/lun/rover_ws/devel/.private/campusrover_move/share/campusrover_move/cmake/campusrover_moveConfig-version.cmake, /home/lun/rover_ws/devel/share/campusrover_move/cmake/campusrover_moveConfig-version.cmake)
Linked: (/home/lun/rover_ws/devel/.private/campusrover_move/lib/python3/dist-packages/campusrover_move/__init__.py, /home/lun/rover_ws/devel/lib/python3/dist-packages/campusrover_move/__init__.py)
Linked: (/home/lun/rover_ws/devel/.private/campusrover_move/lib/python3/dist-packages/campusrover_move/srv/__init__.py, /home/lun/rover_ws/devel/lib/python3/dist-packages/campusrover_move/srv/__init__.py)
Linked: (/home/lun/rover_ws/devel/.private/campusrover_move/lib/python3/dist-packages/campusrover_move/srv/_PullOverPathGenerator.py, /home/lun/rover_ws/devel/lib/python3/dist-packages/campusrover_move/srv/_PullOverPathGenerator.py)
Linked: (/home/lun/rover_ws/devel/.private/campusrover_move/lib/campusrover_move/pullover_path_planner, /home/lun/rover_ws/devel/lib/campusrover_move/pullover_path_planner)
Linked: (/home/lun/rover_ws/devel/.private/campusrover_move/lib/campusrover_move/path_following, /home/lun/rover_ws/devel/lib/campusrover_move/path_following)
Linked: (/home/lun/rover_ws/devel/.private/campusrover_move/lib/campusrover_move/dwa_planner, /home/lun/rover_ws/devel/lib/campusrover_move/dwa_planner)
Linked: (/home/lun/rover_ws/devel/.private/campusrover_move/lib/pkgconfig/campusrover_move.pc, /home/lun/rover_ws/devel/lib/pkgconfig/campusrover_move.pc)
