[  0%] Built target std_msgs_generate_messages_eus
[  0%] Built target geometry_msgs_generate_messages_eus
[  0%] Built target nav_msgs_generate_messages_eus
[  0%] Built target geometry_msgs_generate_messages_cpp
[  0%] Built target _campusrover_move_generate_messages_check_deps_PullOverPathGenerator
[  0%] Built target std_msgs_generate_messages_cpp
[  0%] Built target nav_msgs_generate_messages_cpp
[  0%] Built target geometry_msgs_generate_messages_lisp
[  0%] Built target nav_msgs_generate_messages_lisp
[  0%] Built target std_msgs_generate_messages_lisp
[  0%] Built target geometry_msgs_generate_messages_py
[  0%] Built target nav_msgs_generate_messages_py
[  0%] Built target std_msgs_generate_messages_py
[  0%] Built target geometry_msgs_generate_messages_nodejs
[  0%] Built target std_msgs_generate_messages_nodejs
[  0%] Built target nav_msgs_generate_messages_nodejs
[ 15%] Built target dwa_planner
[ 30%] Built target campusrover_move_generate_messages_eus
[ 38%] Built target campusrover_move_generate_messages_cpp
[ 53%] Built target campusrover_move_generate_messages_lisp
[ 61%] Built target campusrover_move_generate_messages_py
[ 69%] Built target campusrover_move_generate_messages_nodejs
[ 76%] Built target campusrover_move_generate_messages
[ 84%] Built target pullover_path_planner
[100%] Built target path_following
