[  0%] Built target _campusrover_msgs_generate_messages_check_deps_MapLoadInfo
[  0%] Built target _campusrover_msgs_generate_messages_check_deps_YZPosition
[  0%] Built target _campusrover_msgs_generate_messages_check_deps_BboxAngleArray
[  0%] Built target vision_msgs_generate_messages_py
[  0%] Built target _campusrover_msgs_generate_messages_check_deps_ElevatorPoseArray
[  0%] Built target _campusrover_msgs_generate_messages_check_deps_ArmTablePosition
[  0%] Built target _campusrover_msgs_generate_messages_check_deps_BboxAngle
[  0%] Built target _campusrover_msgs_generate_messages_check_deps_ArmMovePose
[  0%] Built target _campusrover_msgs_generate_messages_check_deps_ButtonTracking
[  0%] Built target _campusrover_msgs_generate_messages_check_deps_ElevatorStrategyStep
[  0%] Built target sensor_msgs_generate_messages_py
[  0%] Built target _campusrover_msgs_generate_messages_check_deps_EncoderCount
[  0%] Built target geometry_msgs_generate_messages_py
[  0%] Built target _campusrover_msgs_generate_messages_check_deps_TargetButton
[  0%] Built target _campusrover_msgs_generate_messages_check_deps_ArmTablePoseStatus
[  0%] Built target _campusrover_msgs_generate_messages_check_deps_PressButton
[  0%] Built target _campusrover_msgs_generate_messages_check_deps_ElevatorStatusChecker
[  0%] Built target _campusrover_msgs_generate_messages_check_deps_ElevatorControlStatus
[  0%] Built target _campusrover_msgs_generate_messages_check_deps_CANbus
[  0%] Built target _campusrover_msgs_generate_messages_check_deps_LocationRoom
[  0%] Built target _campusrover_msgs_generate_messages_check_deps_MapClosestLocation
[  0%] Built target _campusrover_msgs_generate_messages_check_deps_MapInfo
[  0%] Built target _campusrover_msgs_generate_messages_check_deps_MapPointPose
[  0%] Built target _campusrover_msgs_generate_messages_check_deps_ElevatorInfoArray
[  0%] Built target _campusrover_msgs_generate_messages_check_deps_Room
[  0%] Built target std_msgs_generate_messages_py
[  0%] Built target _campusrover_msgs_generate_messages_check_deps_LocalizerSwitch
[  0%] Built target _campusrover_msgs_generate_messages_check_deps_ArmAction
[  0%] Built target _campusrover_msgs_generate_messages_check_deps_ButtonRecognize
[  0%] Built target _campusrover_msgs_generate_messages_check_deps_ButtonPose
[  0%] Built target _campusrover_msgs_generate_messages_check_deps_ButtonCommand
[  0%] Built target _campusrover_msgs_generate_messages_check_deps_ButtonPoseStamped
[  0%] Built target _campusrover_msgs_generate_messages_check_deps_ChargerStatus
[  0%] Built target _campusrover_msgs_generate_messages_check_deps_ActionParking
[  0%] Built target nav_msgs_generate_messages_py
[  0%] Built target _campusrover_msgs_generate_messages_check_deps_StatePlan
[  0%] Built target _campusrover_msgs_generate_messages_check_deps_DestinationWithMpc
[  0%] Built target _campusrover_msgs_generate_messages_check_deps_DoorResult
[  0%] Built target _campusrover_msgs_generate_messages_check_deps_TrackedObstacleArray
[  0%] Built target _campusrover_msgs_generate_messages_check_deps_PlannerFunction
[  0%] Built target _campusrover_msgs_generate_messages_check_deps_ElevatorInfo
[  0%] Built target _campusrover_msgs_generate_messages_check_deps_ElevatorPose
[  0%] Built target _campusrover_msgs_generate_messages_check_deps_Encode
[  0%] Built target _campusrover_msgs_generate_messages_check_deps_FloorInfo
[  0%] Built target _campusrover_msgs_generate_messages_check_deps_FloorStatus
[  0%] Built target _campusrover_msgs_generate_messages_check_deps_ElevatorInfoReader
[  0%] Built target _campusrover_msgs_generate_messages_check_deps_HmiStatus
[  0%] Built target _campusrover_msgs_generate_messages_check_deps_InDemoStatus
[  0%] Built target _campusrover_msgs_generate_messages_check_deps_MPCParameter
[  0%] Built target _campusrover_msgs_generate_messages_check_deps_NodeInfo
[  0%] Built target _campusrover_msgs_generate_messages_check_deps_ModuleInfo
[  0%] Built target _campusrover_msgs_generate_messages_check_deps_PoseWithId
[  0%] Built target _campusrover_msgs_generate_messages_check_deps_RLObservation
[  0%] Built target _campusrover_msgs_generate_messages_check_deps_RLObservationArray
[  0%] Built target _campusrover_msgs_generate_messages_check_deps_RoomConnected
[  0%] Built target _campusrover_msgs_generate_messages_check_deps_State
[  0%] Built target _campusrover_msgs_generate_messages_check_deps_TrackedObstacle
[  0%] Built target _campusrover_msgs_generate_messages_check_deps_ImgLabel
[  0%] Built target _campusrover_msgs_generate_messages_check_deps_Trip
[  0%] Built target _campusrover_msgs_generate_messages_check_deps_ActionCharging
[  0%] Built target _campusrover_msgs_generate_messages_check_deps_WorkingFloor
[  0%] Built target _campusrover_msgs_generate_messages_check_deps_ButtonStatus
[  0%] Built target _campusrover_msgs_generate_messages_check_deps_RoutingPath
[  0%] Built target _campusrover_msgs_generate_messages_check_deps_ArmTableHomeReturn
[  0%] Built target _campusrover_msgs_generate_messages_check_deps_BubbleMPC
[  0%] Built target _campusrover_msgs_generate_messages_check_deps_ButtonParking
[  0%] Built target _campusrover_msgs_generate_messages_check_deps_VSParameter
[  0%] Built target _campusrover_msgs_generate_messages_check_deps_ChooseMode
[  0%] Built target _campusrover_msgs_generate_messages_check_deps_ButtonPoses
[  0%] Built target _campusrover_msgs_generate_messages_check_deps_demoPath
[  0%] Built target _campusrover_msgs_generate_messages_check_deps_DriveProfile
[  0%] Built target _campusrover_msgs_generate_messages_check_deps_ElevatorControlInterface
[  0%] Built target _campusrover_msgs_generate_messages_check_deps_InitFloor
[  0%] Built target _campusrover_msgs_generate_messages_check_deps_DoorStatus
[  0%] Built target nav_msgs_generate_messages_nodejs
[  0%] Built target std_msgs_generate_messages_nodejs
[  0%] Built target _campusrover_msgs_generate_messages_check_deps_MapInitPose
[  0%] Built target sensor_msgs_generate_messages_nodejs
[  0%] Built target _campusrover_msgs_generate_messages_check_deps_LocalizerLauncher
[  0%] Built target _campusrover_msgs_generate_messages_check_deps_DriveStatus
[  0%] Built target geometry_msgs_generate_messages_lisp
[  0%] Built target sensor_msgs_generate_messages_lisp
[  0%] Built target vision_msgs_generate_messages_lisp
[  0%] Built target vision_msgs_generate_messages_nodejs
[  0%] Built target geometry_msgs_generate_messages_nodejs
[  0%] Built target nav_msgs_generate_messages_lisp
[  0%] Built target vision_msgs_generate_messages_cpp
[  0%] Built target std_msgs_generate_messages_lisp
[  0%] Built target sensor_msgs_generate_messages_cpp
[  0%] Built target geometry_msgs_generate_messages_cpp
[  0%] Built target nav_msgs_generate_messages_cpp
[  0%] Built target sensor_msgs_generate_messages_eus
[  0%] Built target std_msgs_generate_messages_cpp
[  0%] Built target vision_msgs_generate_messages_eus
[  0%] Built target std_msgs_generate_messages_eus
[  0%] Built target nav_msgs_generate_messages_eus
[  0%] Built target geometry_msgs_generate_messages_eus
[ 53%] Built target campusrover_msgs_generate_messages_nodejs
[ 55%] Built target campusrover_msgs_generate_messages_py
[ 59%] Built target campusrover_msgs_generate_messages_lisp
[ 79%] Built target campusrover_msgs_generate_messages_cpp
[100%] Built target campusrover_msgs_generate_messages_eus
[100%] Built target campusrover_msgs_generate_messages
