Linked: (/home/lun/rover_ws/devel/.private/button_recognition/include/button_recognition/recog_serverResponse.h, /home/lun/rover_ws/devel/include/button_recognition/recog_serverResponse.h)
Linked: (/home/lun/rover_ws/devel/.private/button_recognition/include/button_recognition/recognition.h, /home/lun/rover_ws/devel/include/button_recognition/recognition.h)
Linked: (/home/lun/rover_ws/devel/.private/button_recognition/include/button_recognition/recog_server.h, /home/lun/rover_ws/devel/include/button_recognition/recog_server.h)
Linked: (/home/lun/rover_ws/devel/.private/button_recognition/include/button_recognition/recog_serverRequest.h, /home/lun/rover_ws/devel/include/button_recognition/recog_serverRequest.h)
Linked: (/home/lun/rover_ws/devel/.private/button_recognition/include/button_recognition/recog_result.h, /home/lun/rover_ws/devel/include/button_recognition/recog_result.h)
Linked: (/home/lun/rover_ws/devel/.private/button_recognition/share/gennodejs/ros/button_recognition/_index.js, /home/lun/rover_ws/devel/share/gennodejs/ros/button_recognition/_index.js)
Linked: (/home/lun/rover_ws/devel/.private/button_recognition/share/gennodejs/ros/button_recognition/srv/recog_server.js, /home/lun/rover_ws/devel/share/gennodejs/ros/button_recognition/srv/recog_server.js)
Linked: (/home/lun/rover_ws/devel/.private/button_recognition/share/gennodejs/ros/button_recognition/srv/_index.js, /home/lun/rover_ws/devel/share/gennodejs/ros/button_recognition/srv/_index.js)
Linked: (/home/lun/rover_ws/devel/.private/button_recognition/share/gennodejs/ros/button_recognition/msg/recognition.js, /home/lun/rover_ws/devel/share/gennodejs/ros/button_recognition/msg/recognition.js)
Linked: (/home/lun/rover_ws/devel/.private/button_recognition/share/gennodejs/ros/button_recognition/msg/recog_result.js, /home/lun/rover_ws/devel/share/gennodejs/ros/button_recognition/msg/recog_result.js)
Linked: (/home/lun/rover_ws/devel/.private/button_recognition/share/gennodejs/ros/button_recognition/msg/_index.js, /home/lun/rover_ws/devel/share/gennodejs/ros/button_recognition/msg/_index.js)
Linked: (/home/lun/rover_ws/devel/.private/button_recognition/share/roseus/ros/button_recognition/manifest.l, /home/lun/rover_ws/devel/share/roseus/ros/button_recognition/manifest.l)
Linked: (/home/lun/rover_ws/devel/.private/button_recognition/share/roseus/ros/button_recognition/srv/recog_server.l, /home/lun/rover_ws/devel/share/roseus/ros/button_recognition/srv/recog_server.l)
Linked: (/home/lun/rover_ws/devel/.private/button_recognition/share/roseus/ros/button_recognition/msg/recognition.l, /home/lun/rover_ws/devel/share/roseus/ros/button_recognition/msg/recognition.l)
Linked: (/home/lun/rover_ws/devel/.private/button_recognition/share/roseus/ros/button_recognition/msg/recog_result.l, /home/lun/rover_ws/devel/share/roseus/ros/button_recognition/msg/recog_result.l)
Linked: (/home/lun/rover_ws/devel/.private/button_recognition/share/common-lisp/ros/button_recognition/srv/_package.lisp, /home/lun/rover_ws/devel/share/common-lisp/ros/button_recognition/srv/_package.lisp)
Linked: (/home/lun/rover_ws/devel/.private/button_recognition/share/common-lisp/ros/button_recognition/srv/button_recognition-srv.asd, /home/lun/rover_ws/devel/share/common-lisp/ros/button_recognition/srv/button_recognition-srv.asd)
Linked: (/home/lun/rover_ws/devel/.private/button_recognition/share/common-lisp/ros/button_recognition/srv/_package_recog_server.lisp, /home/lun/rover_ws/devel/share/common-lisp/ros/button_recognition/srv/_package_recog_server.lisp)
Linked: (/home/lun/rover_ws/devel/.private/button_recognition/share/common-lisp/ros/button_recognition/srv/recog_server.lisp, /home/lun/rover_ws/devel/share/common-lisp/ros/button_recognition/srv/recog_server.lisp)
Linked: (/home/lun/rover_ws/devel/.private/button_recognition/share/common-lisp/ros/button_recognition/msg/recognition.lisp, /home/lun/rover_ws/devel/share/common-lisp/ros/button_recognition/msg/recognition.lisp)
Linked: (/home/lun/rover_ws/devel/.private/button_recognition/share/common-lisp/ros/button_recognition/msg/button_recognition-msg.asd, /home/lun/rover_ws/devel/share/common-lisp/ros/button_recognition/msg/button_recognition-msg.asd)
Linked: (/home/lun/rover_ws/devel/.private/button_recognition/share/common-lisp/ros/button_recognition/msg/_package.lisp, /home/lun/rover_ws/devel/share/common-lisp/ros/button_recognition/msg/_package.lisp)
Linked: (/home/lun/rover_ws/devel/.private/button_recognition/share/common-lisp/ros/button_recognition/msg/_package_recog_result.lisp, /home/lun/rover_ws/devel/share/common-lisp/ros/button_recognition/msg/_package_recog_result.lisp)
Linked: (/home/lun/rover_ws/devel/.private/button_recognition/share/common-lisp/ros/button_recognition/msg/recog_result.lisp, /home/lun/rover_ws/devel/share/common-lisp/ros/button_recognition/msg/recog_result.lisp)
Linked: (/home/lun/rover_ws/devel/.private/button_recognition/share/common-lisp/ros/button_recognition/msg/_package_recognition.lisp, /home/lun/rover_ws/devel/share/common-lisp/ros/button_recognition/msg/_package_recognition.lisp)
Linked: (/home/lun/rover_ws/devel/.private/button_recognition/share/button_recognition/cmake/button_recognitionConfig.cmake, /home/lun/rover_ws/devel/share/button_recognition/cmake/button_recognitionConfig.cmake)
Linked: (/home/lun/rover_ws/devel/.private/button_recognition/share/button_recognition/cmake/button_recognitionConfig-version.cmake, /home/lun/rover_ws/devel/share/button_recognition/cmake/button_recognitionConfig-version.cmake)
Linked: (/home/lun/rover_ws/devel/.private/button_recognition/share/button_recognition/cmake/button_recognition-msg-paths.cmake, /home/lun/rover_ws/devel/share/button_recognition/cmake/button_recognition-msg-paths.cmake)
Linked: (/home/lun/rover_ws/devel/.private/button_recognition/share/button_recognition/cmake/button_recognition-msg-extras.cmake, /home/lun/rover_ws/devel/share/button_recognition/cmake/button_recognition-msg-extras.cmake)
Linked: (/home/lun/rover_ws/devel/.private/button_recognition/lib/python3/dist-packages/button_recognition/__init__.py, /home/lun/rover_ws/devel/lib/python3/dist-packages/button_recognition/__init__.py)
Linked: (/home/lun/rover_ws/devel/.private/button_recognition/lib/python3/dist-packages/button_recognition/srv/_recog_server.py, /home/lun/rover_ws/devel/lib/python3/dist-packages/button_recognition/srv/_recog_server.py)
Linked: (/home/lun/rover_ws/devel/.private/button_recognition/lib/python3/dist-packages/button_recognition/srv/__init__.py, /home/lun/rover_ws/devel/lib/python3/dist-packages/button_recognition/srv/__init__.py)
Linked: (/home/lun/rover_ws/devel/.private/button_recognition/lib/python3/dist-packages/button_recognition/msg/_recog_result.py, /home/lun/rover_ws/devel/lib/python3/dist-packages/button_recognition/msg/_recog_result.py)
Linked: (/home/lun/rover_ws/devel/.private/button_recognition/lib/python3/dist-packages/button_recognition/msg/_recognition.py, /home/lun/rover_ws/devel/lib/python3/dist-packages/button_recognition/msg/_recognition.py)
Linked: (/home/lun/rover_ws/devel/.private/button_recognition/lib/python3/dist-packages/button_recognition/msg/__init__.py, /home/lun/rover_ws/devel/lib/python3/dist-packages/button_recognition/msg/__init__.py)
Linked: (/home/lun/rover_ws/devel/.private/button_recognition/lib/pkgconfig/button_recognition.pc, /home/lun/rover_ws/devel/lib/pkgconfig/button_recognition.pc)
