[ 12%] Built target rostest_control_valiation
[ 25%] Built target hmi_joy_control_node
[ 25%] Built target std_srvs_generate_messages_nodejs
[ 25%] Built target campusrover_msgs_generate_messages_lisp
[ 37%] Built target calibration
[ 37%] Built target std_srvs_generate_messages_eus
[ 37%] Built target std_srvs_generate_messages_lisp
[ 37%] Built target vision_msgs_generate_messages_nodejs
[ 37%] Built target vision_msgs_generate_messages_lisp
[ 37%] Built target vision_msgs_generate_messages_cpp
[ 37%] Built target nav_msgs_generate_messages_eus
[ 37%] Built target campusrover_msgs_generate_messages_py
[ 37%] Built target nav_msgs_generate_messages_lisp
[ 37%] Built target campusrover_msgs_generate_messages_nodejs
[ 37%] Built target std_msgs_generate_messages_py
[ 37%] Built target geometry_msgs_generate_messages_eus
[ 37%] Built target tf_generate_messages_nodejs
[ 37%] Built target std_msgs_generate_messages_nodejs
[ 37%] Built target actionlib_generate_messages_cpp
[ 37%] Built target rosgraph_msgs_generate_messages_nodejs
[ 37%] Built target std_msgs_generate_messages_cpp
[ 37%] Built target std_msgs_generate_messages_lisp
[ 37%] Built target actionlib_generate_messages_lisp
[ 37%] Built target actionlib_msgs_generate_messages_py
[ 37%] Built target std_srvs_generate_messages_cpp
[ 37%] Built target tf_generate_messages_eus
[ 37%] Built target rosgraph_msgs_generate_messages_lisp
[ 37%] Built target dynamic_reconfigure_generate_messages_py
[ 37%] Built target actionlib_msgs_generate_messages_eus
[ 37%] Built target vision_msgs_generate_messages_py
[ 37%] Built target rosgraph_msgs_generate_messages_py
[ 37%] Built target roscpp_generate_messages_lisp
[ 37%] Built target roscpp_generate_messages_py
[ 37%] Built target campusrover_msgs_generate_messages_eus
[ 37%] Built target roscpp_generate_messages_cpp
[ 37%] Built target roscpp_generate_messages_eus
[ 37%] Built target vision_msgs_generate_messages_eus
[ 37%] Built target campusrover_msgs_generate_messages_cpp
[ 37%] Built target geometry_msgs_generate_messages_cpp
[ 37%] Built target tf_generate_messages_lisp
[ 37%] Built target dynamic_reconfigure_generate_messages_cpp
[ 37%] Built target nav_msgs_generate_messages_py
[ 37%] Built target geometry_msgs_generate_messages_lisp
[ 37%] Built target tf_generate_messages_cpp
[ 37%] Built target roscpp_generate_messages_nodejs
[ 37%] Built target std_srvs_generate_messages_py
[ 37%] Built target tf2_msgs_generate_messages_eus
[ 37%] Built target sensor_msgs_generate_messages_py
[ 37%] Built target rosgraph_msgs_generate_messages_eus
[ 37%] Built target geometry_msgs_generate_messages_py
[ 37%] Built target sensor_msgs_generate_messages_cpp
[ 37%] Built target nav_msgs_generate_messages_nodejs
[ 37%] Built target tf2_msgs_generate_messages_py
[ 37%] Built target dynamic_reconfigure_generate_messages_nodejs
[ 37%] Built target sensor_msgs_generate_messages_eus
[ 37%] Built target sensor_msgs_generate_messages_lisp
[ 37%] Built target sensor_msgs_generate_messages_nodejs
[ 37%] Built target actionlib_generate_messages_eus
[ 37%] Built target actionlib_generate_messages_nodejs
[ 37%] Built target tf_generate_messages_py
[ 37%] Built target actionlib_generate_messages_py
[ 37%] Built target rosgraph_msgs_generate_messages_cpp
[ 37%] Built target actionlib_msgs_generate_messages_cpp
[ 37%] Built target actionlib_msgs_generate_messages_nodejs
[ 37%] Built target tf2_msgs_generate_messages_nodejs
[ 37%] Built target actionlib_msgs_generate_messages_lisp
[ 37%] Built target tf2_msgs_generate_messages_lisp
[ 37%] Built target std_msgs_generate_messages_eus
[ 37%] Built target geometry_msgs_generate_messages_nodejs
[ 37%] Built target dynamic_reconfigure_gencfg
[ 37%] Built target dynamic_reconfigure_generate_messages_eus
[ 37%] Built target dynamic_reconfigure_generate_messages_lisp
[ 37%] Built target tf2_msgs_generate_messages_cpp
[ 37%] Built target nav_msgs_generate_messages_cpp
[ 62%] Built target joy_to_twist
[ 62%] Built target lcr_cmd_vel_mux
[ 75%] Built target odom_to_tf
[100%] Built target rover_driver_luntsai
[100%] Built target rover_driver
