Performing C SOURCE FILE Test CMAKE_HAVE_LIBC_PTHREAD failed with the following output:
Change Dir: /home/lun/rover_ws/build/campusrover_arm_moveit_config/CMakeFiles/CMakeTmp

Run Build Command(s):/usr/bin/make cmTC_dbc36/fast && /usr/bin/make -f CMakeFiles/cmTC_dbc36.dir/build.make CMakeFiles/cmTC_dbc36.dir/build
make[1]: Entering directory '/home/lun/rover_ws/build/campusrover_arm_moveit_config/CMakeFiles/CMakeTmp'
Building C object CMakeFiles/cmTC_dbc36.dir/src.c.o
/usr/bin/cc   -DCMAKE_HAVE_LIBC_PTHREAD   -o CMakeFiles/cmTC_dbc36.dir/src.c.o   -c /home/lun/rover_ws/build/campusrover_arm_moveit_config/CMakeFiles/CMakeTmp/src.c
Linking C executable cmTC_dbc36
/usr/bin/cmake -E cmake_link_script CMakeFiles/cmTC_dbc36.dir/link.txt --verbose=1
/usr/bin/cc  -DCMAKE_HAVE_LIBC_PTHREAD    -rdynamic CMakeFiles/cmTC_dbc36.dir/src.c.o  -o cmTC_dbc36 
/usr/bin/ld: CMakeFiles/cmTC_dbc36.dir/src.c.o: in function `main':
src.c:(.text+0x46): undefined reference to `pthread_create'
/usr/bin/ld: src.c:(.text+0x52): undefined reference to `pthread_detach'
/usr/bin/ld: src.c:(.text+0x63): undefined reference to `pthread_join'
collect2: error: ld returned 1 exit status
make[1]: *** [CMakeFiles/cmTC_dbc36.dir/build.make:87: cmTC_dbc36] Error 1
make[1]: Leaving directory '/home/lun/rover_ws/build/campusrover_arm_moveit_config/CMakeFiles/CMakeTmp'
make: *** [Makefile:121: cmTC_dbc36/fast] Error 2


Source file was:
#include <pthread.h>

void* test_func(void* data)
{
  return data;
}

int main(void)
{
  pthread_t thread;
  pthread_create(&thread, NULL, test_func, NULL);
  pthread_detach(thread);
  pthread_join(thread, NULL);
  pthread_atfork(NULL, NULL, NULL);
  pthread_exit(NULL);

  return 0;
}

Determining if the function pthread_create exists in the pthreads failed with the following output:
Change Dir: /home/lun/rover_ws/build/campusrover_arm_moveit_config/CMakeFiles/CMakeTmp

Run Build Command(s):/usr/bin/make cmTC_7606a/fast && /usr/bin/make -f CMakeFiles/cmTC_7606a.dir/build.make CMakeFiles/cmTC_7606a.dir/build
make[1]: Entering directory '/home/lun/rover_ws/build/campusrover_arm_moveit_config/CMakeFiles/CMakeTmp'
Building C object CMakeFiles/cmTC_7606a.dir/CheckFunctionExists.c.o
/usr/bin/cc   -DCHECK_FUNCTION_EXISTS=pthread_create   -o CMakeFiles/cmTC_7606a.dir/CheckFunctionExists.c.o   -c /usr/share/cmake-3.16/Modules/CheckFunctionExists.c
Linking C executable cmTC_7606a
/usr/bin/cmake -E cmake_link_script CMakeFiles/cmTC_7606a.dir/link.txt --verbose=1
/usr/bin/cc  -DCHECK_FUNCTION_EXISTS=pthread_create    -rdynamic CMakeFiles/cmTC_7606a.dir/CheckFunctionExists.c.o  -o cmTC_7606a  -lpthreads 
/usr/bin/ld: cannot find -lpthreads
collect2: error: ld returned 1 exit status
make[1]: *** [CMakeFiles/cmTC_7606a.dir/build.make:87: cmTC_7606a] Error 1
make[1]: Leaving directory '/home/lun/rover_ws/build/campusrover_arm_moveit_config/CMakeFiles/CMakeTmp'
make: *** [Makefile:121: cmTC_7606a/fast] Error 2



Determining if the function sgemm_ exists failed with the following output:
Change Dir: /home/lun/rover_ws/build/campusrover_arm_moveit_config/CMakeFiles/CMakeTmp

Run Build Command(s):/usr/bin/make cmTC_2024c/fast && /usr/bin/make -f CMakeFiles/cmTC_2024c.dir/build.make CMakeFiles/cmTC_2024c.dir/build
make[1]: Entering directory '/home/lun/rover_ws/build/campusrover_arm_moveit_config/CMakeFiles/CMakeTmp'
Building C object CMakeFiles/cmTC_2024c.dir/CheckFunctionExists.c.o
/usr/bin/cc   -DCHECK_FUNCTION_EXISTS=sgemm_   -o CMakeFiles/cmTC_2024c.dir/CheckFunctionExists.c.o   -c /usr/share/cmake-3.16/Modules/CheckFunctionExists.c
Linking C executable cmTC_2024c
/usr/bin/cmake -E cmake_link_script CMakeFiles/cmTC_2024c.dir/link.txt --verbose=1
/usr/bin/cc  -DCHECK_FUNCTION_EXISTS=sgemm_    -rdynamic CMakeFiles/cmTC_2024c.dir/CheckFunctionExists.c.o  -o cmTC_2024c 
/usr/bin/ld: CMakeFiles/cmTC_2024c.dir/CheckFunctionExists.c.o: in function `main':
CheckFunctionExists.c:(.text+0x14): undefined reference to `sgemm_'
collect2: error: ld returned 1 exit status
make[1]: *** [CMakeFiles/cmTC_2024c.dir/build.make:87: cmTC_2024c] Error 1
make[1]: Leaving directory '/home/lun/rover_ws/build/campusrover_arm_moveit_config/CMakeFiles/CMakeTmp'
make: *** [Makefile:121: cmTC_2024c/fast] Error 2



Determining if the function cheev_ exists failed with the following output:
Change Dir: /home/lun/rover_ws/build/campusrover_arm_moveit_config/CMakeFiles/CMakeTmp

Run Build Command(s):/usr/bin/make cmTC_502d2/fast && /usr/bin/make -f CMakeFiles/cmTC_502d2.dir/build.make CMakeFiles/cmTC_502d2.dir/build
make[1]: Entering directory '/home/lun/rover_ws/build/campusrover_arm_moveit_config/CMakeFiles/CMakeTmp'
Building C object CMakeFiles/cmTC_502d2.dir/CheckFunctionExists.c.o
/usr/bin/cc   -DCHECK_FUNCTION_EXISTS=cheev_   -o CMakeFiles/cmTC_502d2.dir/CheckFunctionExists.c.o   -c /usr/share/cmake-3.16/Modules/CheckFunctionExists.c
Linking C executable cmTC_502d2
/usr/bin/cmake -E cmake_link_script CMakeFiles/cmTC_502d2.dir/link.txt --verbose=1
/usr/bin/cc  -DCHECK_FUNCTION_EXISTS=cheev_    -rdynamic CMakeFiles/cmTC_502d2.dir/CheckFunctionExists.c.o  -o cmTC_502d2  /usr/lib/x86_64-linux-gnu/libblas.so 
/usr/bin/ld: CMakeFiles/cmTC_502d2.dir/CheckFunctionExists.c.o: in function `main':
CheckFunctionExists.c:(.text+0x14): undefined reference to `cheev_'
collect2: error: ld returned 1 exit status
make[1]: *** [CMakeFiles/cmTC_502d2.dir/build.make:88: cmTC_502d2] Error 1
make[1]: Leaving directory '/home/lun/rover_ws/build/campusrover_arm_moveit_config/CMakeFiles/CMakeTmp'
make: *** [Makefile:121: cmTC_502d2/fast] Error 2



